<?xml version="1.0" encoding="utf-8"?><testsuites name="pytest tests"><testsuite name="pytest" errors="0" failures="0" skipped="0" tests="3" time="7.952" timestamp="2026-06-25T03:43:56.929291+00:00" hostname="agent-env-6a48092c-7f8c-4d08-8419-e1777c8198a2"><testcase classname="backend.tests.test_pdf_service" name="test_pdf_health_returns_upstream_200" time="0.509" /><testcase classname="backend.tests.test_pdf_service" name="test_pdf_generate_returns_binary_pdf" time="3.029" /><testcase classname="backend.tests.test_pdf_service" name="test_pdf_generate_dark_style" time="3.118" /></testsuite></testsuites>